[0m17:57:58.777116 [debug] [MainThread]: Sending event: {'category': 'dbt', 'action': 'invocation', 'label': 'start', 'context': [<snowplow_tracker.self_describing_json.SelfDescribingJson object at 0x000001110FE4FA30>, <snowplow_tracker.self_describing_json.SelfDescribingJson object at 0x0000011110F22FB0>, <snowplow_tracker.self_describing_json.SelfDescribingJson object at 0x0000011110F21F60>]}


============================== 17:57:58.782356 | 805dac58-09e4-4cd6-9db2-01ec148a4e12 ==============================
[0m17:57:58.782356 [info ] [MainThread]: Running with dbt=1.9.6
[0m17:57:58.782913 [debug] [MainThread]: running dbt with arguments {'printer_width': '80', 'indirect_selection': 'eager', 'log_cache_events': 'False', 'write_json': 'True', 'partial_parse': 'True', 'cache_selected_only': 'False', 'warn_error': 'None', 'version_check': 'True', 'profiles_dir': 'C:\\Users\\user\\.dbt', 'log_path': 'logs', 'debug': 'False', 'fail_fast': 'False', 'use_colors': 'True', 'use_experimental_parser': 'False', 'no_print': 'None', 'quiet': 'False', 'empty': 'None', 'log_format': 'default', 'static_parser': 'True', 'invocation_command': 'dbt init analytics', 'introspect': 'True', 'target_path': 'None', 'warn_error_options': 'WarnErrorOptions(include=[], exclude=[])', 'send_anonymous_usage_stats': 'True'}
[0m17:57:58.815682 [warn ] [MainThread]: [ConfigFolderDirectory]: Unable to parse logging event dictionary. Failed to parse dir field: expected string or bytes-like object.. Dictionary: {'dir': WindowsPath('C:/Users/user/.dbt')}
[0m17:57:58.817249 [info ] [MainThread]: Creating dbt configuration folder at 
[0m17:57:58.821984 [debug] [MainThread]: Starter project path: C:\Program Files\Python310\lib\site-packages\dbt\include\starter_project
[0m17:57:58.984957 [info ] [MainThread]: 
Your new dbt project "analytics" was created!

For more information on how to configure the profiles.yml file,
please consult the dbt documentation here:

  https://docs.getdbt.com/docs/configure-your-profile

One more thing:

Need help? Don't hesitate to reach out to us via GitHub issues or on Slack:

  https://community.getdbt.com/

Happy modeling!

[0m17:57:58.986411 [info ] [MainThread]: Setting up your profile.
[0m18:01:12.313838 [info ] [MainThread]: Profile analytics written to C:\Users\user\.dbt\profiles.yml using target's profile_template.yml and your supplied values. Run 'dbt debug' to validate the connection.
[0m18:01:12.336913 [debug] [MainThread]: Command `dbt init` succeeded at 18:01:12.335914 after 193.64 seconds
[0m18:01:12.342935 [debug] [MainThread]: Sending event: {'category': 'dbt', 'action': 'invocation', 'label': 'end', 'context': [<snowplow_tracker.self_describing_json.SelfDescribingJson object at 0x000001110FE4FA30>, <snowplow_tracker.self_describing_json.SelfDescribingJson object at 0x0000011110F22380>, <snowplow_tracker.self_describing_json.SelfDescribingJson object at 0x0000011110FA4BB0>]}
[0m18:01:12.347923 [debug] [MainThread]: Flushing usage events
[0m18:01:13.830522 [debug] [MainThread]: An error was encountered while trying to flush usage events
[0m19:52:03.943330 [debug] [MainThread]: Sending event: {'category': 'dbt', 'action': 'invocation', 'label': 'start', 'context': [<snowplow_tracker.self_describing_json.SelfDescribingJson object at 0x0000025728DCFA00>, <snowplow_tracker.self_describing_json.SelfDescribingJson object at 0x0000025729EA39D0>, <snowplow_tracker.self_describing_json.SelfDescribingJson object at 0x0000025729EA1F30>]}


============================== 19:52:03.952335 | d2f4bb85-8dc3-4a67-8a32-931c1809065b ==============================
[0m19:52:03.952335 [info ] [MainThread]: Running with dbt=1.9.6
[0m19:52:03.955856 [debug] [MainThread]: running dbt with arguments {'printer_width': '80', 'indirect_selection': 'eager', 'write_json': 'True', 'log_cache_events': 'False', 'partial_parse': 'True', 'cache_selected_only': 'False', 'warn_error': 'None', 'debug': 'False', 'fail_fast': 'False', 'log_path': 'logs', 'profiles_dir': 'C:\\Users\\user\\.dbt', 'version_check': 'True', 'use_colors': 'True', 'use_experimental_parser': 'False', 'no_print': 'None', 'quiet': 'False', 'empty': 'None', 'log_format': 'default', 'introspect': 'True', 'warn_error_options': 'WarnErrorOptions(include=[], exclude=[])', 'static_parser': 'True', 'target_path': 'None', 'invocation_command': 'dbt debug', 'send_anonymous_usage_stats': 'True'}
[0m19:52:04.021651 [info ] [MainThread]: dbt version: 1.9.6
[0m19:52:04.021651 [info ] [MainThread]: python version: 3.10.7
[0m19:52:04.023333 [info ] [MainThread]: python path: C:\Program Files\Python310\python.exe
[0m19:52:04.025298 [info ] [MainThread]: os info: Windows-10-10.0.26100-SP0
[0m19:52:04.175759 [info ] [MainThread]: Using profiles dir at C:\Users\user\.dbt
[0m19:52:04.177769 [info ] [MainThread]: Using profiles.yml file at C:\Users\user\.dbt\profiles.yml
[0m19:52:04.178956 [info ] [MainThread]: Using dbt_project.yml file at C:\Users\user\OneDrive\Desktop\jikan-to-dbt-network\dbt_project.yml
[0m19:52:04.182781 [info ] [MainThread]: adapter type: postgres
[0m19:52:04.182781 [info ] [MainThread]: adapter version: 1.9.0
[0m19:52:04.185224 [info ] [MainThread]: Configuration:
[0m19:52:04.186971 [info ] [MainThread]:   profiles.yml file [[32mOK found and valid[0m]
[0m19:52:04.188180 [info ] [MainThread]:   dbt_project.yml file [[31mERROR not found[0m]
[0m19:52:04.189158 [info ] [MainThread]: Required dependencies:
[0m19:52:04.191288 [debug] [MainThread]: Executing "git --help"
[0m19:52:04.260609 [debug] [MainThread]: STDOUT: "b"usage: git [-v | --version] [-h | --help] [-C <path>] [-c <name>=<value>]\n           [--exec-path[=<path>]] [--html-path] [--man-path] [--info-path]\n           [-p | --paginate | -P | --no-pager] [--no-replace-objects] [--bare]\n           [--git-dir=<path>] [--work-tree=<path>] [--namespace=<name>]\n           [--super-prefix=<path>] [--config-env=<name>=<envvar>]\n           <command> [<args>]\n\nThese are common Git commands used in various situations:\n\nstart a working area (see also: git help tutorial)\n   clone     Clone a repository into a new directory\n   init      Create an empty Git repository or reinitialize an existing one\n\nwork on the current change (see also: git help everyday)\n   add       Add file contents to the index\n   mv        Move or rename a file, a directory, or a symlink\n   restore   Restore working tree files\n   rm        Remove files from the working tree and from the index\n\nexamine the history and state (see also: git help revisions)\n   bisect    Use binary search to find the commit that introduced a bug\n   diff      Show changes between commits, commit and working tree, etc\n   grep      Print lines matching a pattern\n   log       Show commit logs\n   show      Show various types of objects\n   status    Show the working tree status\n\ngrow, mark and tweak your common history\n   branch    List, create, or delete branches\n   commit    Record changes to the repository\n   merge     Join two or more development histories together\n   rebase    Reapply commits on top of another base tip\n   reset     Reset current HEAD to the specified state\n   switch    Switch branches\n   tag       Create, list, delete or verify a tag object signed with GPG\n\ncollaborate (see also: git help workflows)\n   fetch     Download objects and refs from another repository\n   pull      Fetch from and integrate with another repository or a local branch\n   push      Update remote refs along with associated objects\n\n'git help -a' and 'git help -g' list available subcommands and some\nconcept guides. See 'git help <command>' or 'git help <concept>'\nto read about a specific subcommand or concept.\nSee 'git help git' for an overview of the system.\n""
[0m19:52:04.261635 [debug] [MainThread]: STDERR: "b''"
[0m19:52:04.261635 [info ] [MainThread]:  - git [[32mOK found[0m]

[0m19:52:04.265325 [info ] [MainThread]: Connection:
[0m19:52:04.265325 [info ] [MainThread]:   host: localhost
[0m19:52:04.267400 [info ] [MainThread]:   port: 5432
[0m19:52:04.268577 [info ] [MainThread]:   user: root
[0m19:52:04.270768 [info ] [MainThread]:   database: anime_db
[0m19:52:04.271292 [info ] [MainThread]:   schema: public
[0m19:52:04.272337 [info ] [MainThread]:   connect_timeout: 10
[0m19:52:04.274345 [info ] [MainThread]:   role: None
[0m19:52:04.275565 [info ] [MainThread]:   search_path: None
[0m19:52:04.277802 [info ] [MainThread]:   keepalives_idle: 0
[0m19:52:04.278985 [info ] [MainThread]:   sslmode: None
[0m19:52:04.280494 [info ] [MainThread]:   sslcert: None
[0m19:52:04.281584 [info ] [MainThread]:   sslkey: None
[0m19:52:04.283299 [info ] [MainThread]:   sslrootcert: None
[0m19:52:04.284093 [info ] [MainThread]:   application_name: dbt
[0m19:52:04.286874 [info ] [MainThread]:   retries: 1
[0m19:52:04.288948 [info ] [MainThread]: Registered adapter: postgres=1.9.0
[0m19:52:05.221483 [debug] [MainThread]: Acquiring new postgres connection 'debug'
[0m19:52:09.228139 [debug] [MainThread]: Using postgres connection "debug"
[0m19:52:09.228139 [debug] [MainThread]: On debug: select 1 as id
[0m19:52:09.229622 [debug] [MainThread]: Opening a new connection, currently in state init
[0m19:52:09.282159 [debug] [MainThread]: SQL status: SELECT 1 in 0.053 seconds
[0m19:52:09.283200 [debug] [MainThread]: On debug: Close
[0m19:52:09.285208 [info ] [MainThread]:   Connection test: [[32mOK connection ok[0m]

[0m19:52:09.286715 [info ] [MainThread]: [31m1 check failed:[0m
[0m19:52:09.286715 [info ] [MainThread]: Project loading failed for the following reason:
 project path <C:\Users\user\OneDrive\Desktop\jikan-to-dbt-network\dbt_project.yml> not found

[0m19:52:09.289831 [debug] [MainThread]: Command `dbt debug` failed at 19:52:09.286715 after 5.53 seconds
[0m19:52:09.290841 [debug] [MainThread]: Connection 'debug' was properly closed.
[0m19:52:09.291360 [debug] [MainThread]: Sending event: {'category': 'dbt', 'action': 'invocation', 'label': 'end', 'context': [<snowplow_tracker.self_describing_json.SelfDescribingJson object at 0x0000025728DCFA00>, <snowplow_tracker.self_describing_json.SelfDescribingJson object at 0x000002572A0B1A80>, <snowplow_tracker.self_describing_json.SelfDescribingJson object at 0x000002572A0B1000>]}
[0m19:52:09.291360 [debug] [MainThread]: Flushing usage events
[0m19:52:12.131597 [debug] [MainThread]: An error was encountered while trying to flush usage events
